dataset:
  concat_history: true
  image_features_test_h5: data/features_faster_rcnn_x101_test.h5
  image_features_train_h5: data/features_faster_rcnn_x101_train.h5
  image_features_val_h5: data/features_faster_rcnn_x101_val.h5
  img_norm: 1
  max_sequence_length: 20
  vocab_min_count: 5
  word_counts_json: data/visdial_1.0_word_counts_train.json
model:
  decoder: disc
  dropout: 0.5
  encoder: bu_lf
  img_feature_size: 2048
  lstm_hidden_size: 512
  lstm_num_layers: 2
  word_embedding_size: 300
solver:
  batch_size: 32
  initial_lr: 0.001
  lr_gamma: 0.9997592083
  minimum_lr: 5.0e-05
  num_epochs: 20
  training_splits: train

config_yml          : configs/bu_lf_disc_faster_rcnn_x101_bs32.yml
train_json          : data/visdial_1.0_train.json
val_json            : data/visdial_1.0_val.json
gpu_ids             : [0]
cpu_workers         : 1
overfit             : False
validate            : False
in_memory           : False
save_dirpath        : checkpoints/
load_pthpath        : 
[train Loaded tokens from cache]
[val2018 Loaded tokens from cache]
Encoder: bu_lf
Decoder: disc
Number of iterations this epoch: 3853
[0:00:03.456543][Epoch:   0][Iter:      0][Loss: 4.608525][lr: 0.001000]
[0:04:31.684170][Epoch:   0][Iter:    100][Loss: 3.389278][lr: 0.000976]
[0:08:53.381892][Epoch:   0][Iter:    200][Loss: 3.274926][lr: 0.000953]
dataset:
  concat_history: true
  image_features_test_h5: data/features_faster_rcnn_x101_test.h5
  image_features_train_h5: data/features_faster_rcnn_x101_train.h5
  image_features_val_h5: data/features_faster_rcnn_x101_val.h5
  img_norm: 1
  max_sequence_length: 20
  vocab_min_count: 5
  word_counts_json: data/visdial_1.0_word_counts_train.json
model:
  decoder: disc
  dropout: 0.5
  encoder: bu_lf
  img_feature_size: 2048
  lstm_hidden_size: 512
  lstm_num_layers: 2
  word_embedding_size: 300
solver:
  batch_size: 32
  initial_lr: 0.001
  lr_gamma: 0.9997592083
  minimum_lr: 5.0e-05
  num_epochs: 20
  training_splits: train

config_yml          : configs/bu_lf_disc_faster_rcnn_x101_bs32.yml
train_json          : data/visdial_1.0_train.json
val_json            : data/visdial_1.0_val.json
gpu_ids             : [0]
cpu_workers         : 1
overfit             : False
validate            : False
in_memory           : False
save_dirpath        : checkpoints/
load_pthpath        : 
Number of iterations this epoch: 3853
[0:00:03.854989][Epoch:   0][Iter:      0][Loss: 4.608525][lr: 0.001000]
[0:04:33.656583][Epoch:   0][Iter:    100][Loss: 3.389278][lr: 0.000976]
[0:08:53.696846][Epoch:   0][Iter:    200][Loss: 3.274926][lr: 0.000953]
[0:13:25.573124][Epoch:   0][Iter:    300][Loss: 3.206136][lr: 0.000930]
[0:18:35.169347][Epoch:   0][Iter:    400][Loss: 3.133082][lr: 0.000908]
[0:24:47.824297][Epoch:   0][Iter:    500][Loss: 3.002371][lr: 0.000887]
[0:30:53.568598][Epoch:   0][Iter:    600][Loss: 3.001714][lr: 0.000865]
[0:37:09.860564][Epoch:   0][Iter:    700][Loss: 2.923412][lr: 0.000845]
[0:43:22.363469][Epoch:   0][Iter:    800][Loss: 2.907179][lr: 0.000825]
[0:49:25.479343][Epoch:   0][Iter:    900][Loss: 2.854601][lr: 0.000805]
[0:55:40.373051][Epoch:   0][Iter:   1000][Loss: 2.826508][lr: 0.000786]
[1:01:49.929287][Epoch:   0][Iter:   1100][Loss: 2.787129][lr: 0.000767]
[1:07:53.845321][Epoch:   0][Iter:   1200][Loss: 2.747329][lr: 0.000749]
[1:13:56.971029][Epoch:   0][Iter:   1300][Loss: 2.735931][lr: 0.000731]
[1:19:53.780301][Epoch:   0][Iter:   1400][Loss: 2.657616][lr: 0.000714]
[1:25:40.613370][Epoch:   0][Iter:   1500][Loss: 2.699741][lr: 0.000697]
[1:31:38.441419][Epoch:   0][Iter:   1600][Loss: 2.689320][lr: 0.000680]
[1:37:30.155217][Epoch:   0][Iter:   1700][Loss: 2.668467][lr: 0.000664]
[1:43:20.526456][Epoch:   0][Iter:   1800][Loss: 2.642742][lr: 0.000648]
[1:49:22.431811][Epoch:   0][Iter:   1900][Loss: 2.618706][lr: 0.000633]
[1:55:31.673482][Epoch:   0][Iter:   2000][Loss: 2.603832][lr: 0.000618]
[2:01:24.969837][Epoch:   0][Iter:   2100][Loss: 2.570607][lr: 0.000603]
[2:07:22.436465][Epoch:   0][Iter:   2200][Loss: 2.552367][lr: 0.000589]
[2:13:11.465770][Epoch:   0][Iter:   2300][Loss: 2.518019][lr: 0.000575]
[2:19:04.505578][Epoch:   0][Iter:   2400][Loss: 2.526867][lr: 0.000561]
[2:24:42.514043][Epoch:   0][Iter:   2500][Loss: 2.536708][lr: 0.000548]
[2:31:10.427265][Epoch:   0][Iter:   2600][Loss: 2.365536][lr: 0.000535]
[2:41:56.501902][Epoch:   0][Iter:   2700][Loss: 2.225718][lr: 0.000522]
[2:52:35.389180][Epoch:   0][Iter:   2800][Loss: 2.240511][lr: 0.000510]
[3:03:13.078765][Epoch:   0][Iter:   2900][Loss: 2.215320][lr: 0.000497]
[3:14:03.972776][Epoch:   0][Iter:   3000][Loss: 2.253431][lr: 0.000486]
[3:24:36.886998][Epoch:   0][Iter:   3100][Loss: 2.269987][lr: 0.000474]
[3:35:01.323143][Epoch:   0][Iter:   3200][Loss: 2.239667][lr: 0.000463]
[3:45:14.338951][Epoch:   0][Iter:   3300][Loss: 2.226054][lr: 0.000452]
[3:55:29.321325][Epoch:   0][Iter:   3400][Loss: 2.186171][lr: 0.000441]
[4:05:34.815920][Epoch:   0][Iter:   3500][Loss: 2.185655][lr: 0.000430]
[4:15:31.340946][Epoch:   0][Iter:   3600][Loss: 2.173726][lr: 0.000420]
[4:25:46.837380][Epoch:   0][Iter:   3700][Loss: 2.198941][lr: 0.000410]
[4:35:39.591056][Epoch:   0][Iter:   3800][Loss: 2.152679][lr: 0.000400]
Number of iterations this epoch: 3853
[4:40:48.583119][Epoch:   1][Iter:      0][Loss: 2.183624][lr: 0.000395]
[4:45:09.468082][Epoch:   1][Iter:    100][Loss: 2.374296][lr: 0.000386]
[4:49:19.732981][Epoch:   1][Iter:    200][Loss: 2.392509][lr: 0.000377]
[4:53:35.175630][Epoch:   1][Iter:    300][Loss: 2.386513][lr: 0.000368]
[4:58:32.023396][Epoch:   1][Iter:    400][Loss: 2.383484][lr: 0.000359]
[5:04:28.341997][Epoch:   1][Iter:    500][Loss: 2.327144][lr: 0.000351]
[5:10:29.472517][Epoch:   1][Iter:    600][Loss: 2.353760][lr: 0.000342]
[5:16:40.974505][Epoch:   1][Iter:    700][Loss: 2.337522][lr: 0.000334]
[5:22:37.962258][Epoch:   1][Iter:    800][Loss: 2.332160][lr: 0.000326]
[5:28:43.927658][Epoch:   1][Iter:    900][Loss: 2.304596][lr: 0.000318]
[5:34:47.474202][Epoch:   1][Iter:   1000][Loss: 2.299320][lr: 0.000311]
[5:40:54.063413][Epoch:   1][Iter:   1100][Loss: 2.296923][lr: 0.000303]
[5:46:55.587813][Epoch:   1][Iter:   1200][Loss: 2.279184][lr: 0.000296]
[5:53:00.366129][Epoch:   1][Iter:   1300][Loss: 2.286812][lr: 0.000289]
[5:58:52.744908][Epoch:   1][Iter:   1400][Loss: 2.226623][lr: 0.000282]
[6:04:42.484041][Epoch:   1][Iter:   1500][Loss: 2.273432][lr: 0.000276]
[6:10:35.265802][Epoch:   1][Iter:   1600][Loss: 2.267285][lr: 0.000269]
[6:16:36.728656][Epoch:   1][Iter:   1700][Loss: 2.258319][lr: 0.000263]
[6:22:28.012883][Epoch:   1][Iter:   1800][Loss: 2.250095][lr: 0.000256]
[6:28:18.028037][Epoch:   1][Iter:   1900][Loss: 2.243354][lr: 0.000250]
[6:34:02.371152][Epoch:   1][Iter:   2000][Loss: 2.243241][lr: 0.000244]
[6:39:54.203448][Epoch:   1][Iter:   2100][Loss: 2.221864][lr: 0.000238]
[6:45:36.563823][Epoch:   1][Iter:   2200][Loss: 2.207615][lr: 0.000233]
[6:51:16.534455][Epoch:   1][Iter:   2300][Loss: 2.182783][lr: 0.000227]
[6:56:49.493994][Epoch:   1][Iter:   2400][Loss: 2.206537][lr: 0.000222]
[7:02:21.436181][Epoch:   1][Iter:   2500][Loss: 2.214725][lr: 0.000217]
[7:08:44.196513][Epoch:   1][Iter:   2600][Loss: 2.084928][lr: 0.000211]
[7:19:00.845371][Epoch:   1][Iter:   2700][Loss: 1.967430][lr: 0.000206]
[7:29:19.191956][Epoch:   1][Iter:   2800][Loss: 1.979417][lr: 0.000201]
[7:39:27.551941][Epoch:   1][Iter:   2900][Loss: 1.976886][lr: 0.000197]
[7:49:31.901569][Epoch:   1][Iter:   3000][Loss: 2.004740][lr: 0.000192]
[7:59:54.213626][Epoch:   1][Iter:   3100][Loss: 2.035294][lr: 0.000187]
[8:09:59.441817][Epoch:   1][Iter:   3200][Loss: 2.005202][lr: 0.000183]
[8:20:14.054204][Epoch:   1][Iter:   3300][Loss: 1.998959][lr: 0.000179]
[8:30:20.147289][Epoch:   1][Iter:   3400][Loss: 1.972463][lr: 0.000174]
[8:40:22.960169][Epoch:   1][Iter:   3500][Loss: 1.965732][lr: 0.000170]
[8:50:20.664353][Epoch:   1][Iter:   3600][Loss: 1.951552][lr: 0.000166]
[9:00:08.507136][Epoch:   1][Iter:   3700][Loss: 1.986446][lr: 0.000162]
[9:09:50.242251][Epoch:   1][Iter:   3800][Loss: 1.947924][lr: 0.000158]
Number of iterations this epoch: 3853
[9:14:50.121602][Epoch:   2][Iter:      0][Loss: 1.977229][lr: 0.000156]
[9:19:12.310575][Epoch:   2][Iter:    100][Loss: 2.149556][lr: 0.000153]
[9:23:21.000851][Epoch:   2][Iter:    200][Loss: 2.169891][lr: 0.000149]
[9:27:31.732293][Epoch:   2][Iter:    300][Loss: 2.167994][lr: 0.000145]
[9:32:28.378023][Epoch:   2][Iter:    400][Loss: 2.162431][lr: 0.000142]
[9:38:31.652037][Epoch:   2][Iter:    500][Loss: 2.120110][lr: 0.000139]
[9:44:36.468853][Epoch:   2][Iter:    600][Loss: 2.141536][lr: 0.000135]
[9:50:47.445723][Epoch:   2][Iter:    700][Loss: 2.149464][lr: 0.000132]
[9:56:52.272698][Epoch:   2][Iter:    800][Loss: 2.136758][lr: 0.000129]
[10:03:04.341424][Epoch:   2][Iter:    900][Loss: 2.115999][lr: 0.000126]
[10:09:09.986045][Epoch:   2][Iter:   1000][Loss: 2.118395][lr: 0.000123]
[10:15:21.369489][Epoch:   2][Iter:   1100][Loss: 2.126589][lr: 0.000120]
[10:21:39.374233][Epoch:   2][Iter:   1200][Loss: 2.107529][lr: 0.000117]
[10:27:49.511419][Epoch:   2][Iter:   1300][Loss: 2.114784][lr: 0.000114]
[10:34:07.465037][Epoch:   2][Iter:   1400][Loss: 2.068474][lr: 0.000112]
[10:40:10.418515][Epoch:   2][Iter:   1500][Loss: 2.111696][lr: 0.000109]
[10:46:12.317587][Epoch:   2][Iter:   1600][Loss: 2.101451][lr: 0.000106]
[10:52:11.460358][Epoch:   2][Iter:   1700][Loss: 2.093193][lr: 0.000104]
[10:58:24.218624][Epoch:   2][Iter:   1800][Loss: 2.107676][lr: 0.000101]
[11:04:12.925368][Epoch:   2][Iter:   1900][Loss: 2.097286][lr: 0.000099]
[11:10:00.817053][Epoch:   2][Iter:   2000][Loss: 2.098411][lr: 0.000097]
[11:15:45.266646][Epoch:   2][Iter:   2100][Loss: 2.080526][lr: 0.000094]
[11:21:37.082900][Epoch:   2][Iter:   2200][Loss: 2.062365][lr: 0.000092]
[11:27:17.376259][Epoch:   2][Iter:   2300][Loss: 2.045965][lr: 0.000090]
[11:32:51.625825][Epoch:   2][Iter:   2400][Loss: 2.068603][lr: 0.000088]
[11:38:20.560922][Epoch:   2][Iter:   2500][Loss: 2.080250][lr: 0.000086]
[11:44:26.463589][Epoch:   2][Iter:   2600][Loss: 1.963237][lr: 0.000084]
[11:54:51.363233][Epoch:   2][Iter:   2700][Loss: 1.858903][lr: 0.000082]
[12:05:07.528217][Epoch:   2][Iter:   2800][Loss: 1.867978][lr: 0.000080]
[12:15:30.117010][Epoch:   2][Iter:   2900][Loss: 1.875071][lr: 0.000078]
[12:25:56.782044][Epoch:   2][Iter:   3000][Loss: 1.898419][lr: 0.000076]
[12:36:22.031265][Epoch:   2][Iter:   3100][Loss: 1.925408][lr: 0.000074]
[12:46:54.367127][Epoch:   2][Iter:   3200][Loss: 1.908096][lr: 0.000072]
[12:57:37.491466][Epoch:   2][Iter:   3300][Loss: 1.893632][lr: 0.000071]
[13:07:56.718265][Epoch:   2][Iter:   3400][Loss: 1.878758][lr: 0.000069]
[13:18:07.854935][Epoch:   2][Iter:   3500][Loss: 1.866236][lr: 0.000067]
[13:28:03.847622][Epoch:   2][Iter:   3600][Loss: 1.856585][lr: 0.000066]
[13:38:03.566767][Epoch:   2][Iter:   3700][Loss: 1.891961][lr: 0.000064]
[13:47:59.241361][Epoch:   2][Iter:   3800][Loss: 1.854383][lr: 0.000063]
Number of iterations this epoch: 3853
[13:53:10.287854][Epoch:   3][Iter:      0][Loss: 1.887403][lr: 0.000062]
[13:57:35.879445][Epoch:   3][Iter:    100][Loss: 2.046373][lr: 0.000060]
[14:01:53.624688][Epoch:   3][Iter:    200][Loss: 2.063101][lr: 0.000059]
[14:06:12.216868][Epoch:   3][Iter:    300][Loss: 2.070247][lr: 0.000058]
[14:11:17.141078][Epoch:   3][Iter:    400][Loss: 2.058700][lr: 0.000056]
[14:17:34.633336][Epoch:   3][Iter:    500][Loss: 2.030453][lr: 0.000055]
[14:23:42.338264][Epoch:   3][Iter:    600][Loss: 2.045743][lr: 0.000053]
[14:29:55.190089][Epoch:   3][Iter:    700][Loss: 2.063322][lr: 0.000052]
[14:36:06.647811][Epoch:   3][Iter:    800][Loss: 2.048381][lr: 0.000051]
[14:42:14.413208][Epoch:   3][Iter:    900][Loss: 2.025031][lr: 0.000050]
[14:48:34.589696][Epoch:   3][Iter:   1000][Loss: 2.036260][lr: 0.000050]
[14:54:56.945883][Epoch:   3][Iter:   1100][Loss: 2.046002][lr: 0.000050]
[15:01:23.155337][Epoch:   3][Iter:   1200][Loss: 2.023735][lr: 0.000050]
[15:07:35.826508][Epoch:   3][Iter:   1300][Loss: 2.041730][lr: 0.000050]
[15:13:54.550117][Epoch:   3][Iter:   1400][Loss: 1.988429][lr: 0.000050]
[15:20:15.182954][Epoch:   3][Iter:   1500][Loss: 2.035451][lr: 0.000050]
[15:26:31.795650][Epoch:   3][Iter:   1600][Loss: 2.027559][lr: 0.000050]
[15:32:39.495415][Epoch:   3][Iter:   1700][Loss: 2.020800][lr: 0.000050]
[15:38:46.771743][Epoch:   3][Iter:   1800][Loss: 2.033732][lr: 0.000050]
[15:45:00.800488][Epoch:   3][Iter:   1900][Loss: 2.027500][lr: 0.000050]
[15:50:56.131777][Epoch:   3][Iter:   2000][Loss: 2.040202][lr: 0.000050]
[15:56:48.158635][Epoch:   3][Iter:   2100][Loss: 2.015300][lr: 0.000050]
[16:02:44.095009][Epoch:   3][Iter:   2200][Loss: 1.999545][lr: 0.000050]
[16:08:44.981201][Epoch:   3][Iter:   2300][Loss: 1.982646][lr: 0.000050]
[16:14:33.781646][Epoch:   3][Iter:   2400][Loss: 2.010683][lr: 0.000050]
[16:20:13.221417][Epoch:   3][Iter:   2500][Loss: 2.019677][lr: 0.000050]
[16:26:35.371433][Epoch:   3][Iter:   2600][Loss: 1.910903][lr: 0.000050]
[16:37:00.179321][Epoch:   3][Iter:   2700][Loss: 1.809044][lr: 0.000050]
[16:47:40.415016][Epoch:   3][Iter:   2800][Loss: 1.821867][lr: 0.000050]
[16:58:06.418626][Epoch:   3][Iter:   2900][Loss: 1.833063][lr: 0.000050]
[17:08:33.590542][Epoch:   3][Iter:   3000][Loss: 1.846514][lr: 0.000050]
[17:18:57.747474][Epoch:   3][Iter:   3100][Loss: 1.880953][lr: 0.000050]
[17:29:25.784935][Epoch:   3][Iter:   3200][Loss: 1.865347][lr: 0.000050]
[17:40:02.843819][Epoch:   3][Iter:   3300][Loss: 1.856921][lr: 0.000050]
[17:50:28.931966][Epoch:   3][Iter:   3400][Loss: 1.837876][lr: 0.000050]
[18:01:09.244241][Epoch:   3][Iter:   3500][Loss: 1.824055][lr: 0.000050]
[18:11:18.037357][Epoch:   3][Iter:   3600][Loss: 1.823259][lr: 0.000050]
[18:21:18.008172][Epoch:   3][Iter:   3700][Loss: 1.852877][lr: 0.000050]
[18:31:07.898670][Epoch:   3][Iter:   3800][Loss: 1.814178][lr: 0.000050]
Number of iterations this epoch: 3853
[18:36:12.480335][Epoch:   4][Iter:      0][Loss: 1.846124][lr: 0.000050]
[18:40:42.437267][Epoch:   4][Iter:    100][Loss: 2.004321][lr: 0.000050]
[18:44:52.268032][Epoch:   4][Iter:    200][Loss: 2.032825][lr: 0.000050]
[18:49:10.322799][Epoch:   4][Iter:    300][Loss: 2.028845][lr: 0.000050]
[18:54:18.510211][Epoch:   4][Iter:    400][Loss: 2.025489][lr: 0.000050]
[19:00:35.508193][Epoch:   4][Iter:    500][Loss: 1.995519][lr: 0.000050]
[19:06:46.296689][Epoch:   4][Iter:    600][Loss: 2.014165][lr: 0.000050]
[19:13:03.385584][Epoch:   4][Iter:    700][Loss: 2.029269][lr: 0.000050]
[19:19:16.437785][Epoch:   4][Iter:    800][Loss: 2.010022][lr: 0.000050]
[19:25:29.169066][Epoch:   4][Iter:    900][Loss: 1.991106][lr: 0.000050]
[19:31:49.433619][Epoch:   4][Iter:   1000][Loss: 2.004156][lr: 0.000050]
[19:38:11.838457][Epoch:   4][Iter:   1100][Loss: 2.015356][lr: 0.000050]
[19:44:31.099425][Epoch:   4][Iter:   1200][Loss: 1.991860][lr: 0.000050]
[19:51:00.542256][Epoch:   4][Iter:   1300][Loss: 2.009402][lr: 0.000050]
[19:57:23.421765][Epoch:   4][Iter:   1400][Loss: 1.959651][lr: 0.000050]
[20:03:40.821013][Epoch:   4][Iter:   1500][Loss: 2.006541][lr: 0.000050]
[20:10:06.200979][Epoch:   4][Iter:   1600][Loss: 1.997434][lr: 0.000050]
[20:16:29.377039][Epoch:   4][Iter:   1700][Loss: 1.997306][lr: 0.000050]
[20:22:48.824980][Epoch:   4][Iter:   1800][Loss: 2.015539][lr: 0.000050]
[20:29:16.965290][Epoch:   4][Iter:   1900][Loss: 1.999948][lr: 0.000050]
[20:35:24.273348][Epoch:   4][Iter:   2000][Loss: 2.011039][lr: 0.000050]
[20:41:24.218770][Epoch:   4][Iter:   2100][Loss: 1.988083][lr: 0.000050]
[20:47:24.862849][Epoch:   4][Iter:   2200][Loss: 1.977939][lr: 0.000050]
[20:53:24.799865][Epoch:   4][Iter:   2300][Loss: 1.960871][lr: 0.000050]
[20:59:30.353549][Epoch:   4][Iter:   2400][Loss: 1.982613][lr: 0.000050]
[21:05:11.108244][Epoch:   4][Iter:   2500][Loss: 1.990750][lr: 0.000050]
[21:11:25.555496][Epoch:   4][Iter:   2600][Loss: 1.888727][lr: 0.000050]
[21:21:50.078038][Epoch:   4][Iter:   2700][Loss: 1.791924][lr: 0.000050]
[21:32:26.080085][Epoch:   4][Iter:   2800][Loss: 1.797249][lr: 0.000050]
[21:42:53.190269][Epoch:   4][Iter:   2900][Loss: 1.805768][lr: 0.000050]
[21:53:38.759274][Epoch:   4][Iter:   3000][Loss: 1.825346][lr: 0.000050]
[22:04:14.761758][Epoch:   4][Iter:   3100][Loss: 1.855791][lr: 0.000050]
[22:14:37.189906][Epoch:   4][Iter:   3200][Loss: 1.840819][lr: 0.000050]
[22:25:00.328136][Epoch:   4][Iter:   3300][Loss: 1.836898][lr: 0.000050]
[22:35:22.894083][Epoch:   4][Iter:   3400][Loss: 1.816792][lr: 0.000050]
[22:45:32.174469][Epoch:   4][Iter:   3500][Loss: 1.803479][lr: 0.000050]
[22:55:56.303568][Epoch:   4][Iter:   3600][Loss: 1.802096][lr: 0.000050]
[23:05:52.774096][Epoch:   4][Iter:   3700][Loss: 1.831845][lr: 0.000050]
[23:15:40.165913][Epoch:   4][Iter:   3800][Loss: 1.794007][lr: 0.000050]
Number of iterations this epoch: 3853
[23:20:42.043713][Epoch:   5][Iter:      0][Loss: 1.821672][lr: 0.000050]
[23:25:07.870381][Epoch:   5][Iter:    100][Loss: 1.978405][lr: 0.000050]
[23:29:22.077809][Epoch:   5][Iter:    200][Loss: 1.997480][lr: 0.000050]
[23:33:45.139571][Epoch:   5][Iter:    300][Loss: 2.000333][lr: 0.000050]
[23:38:49.394286][Epoch:   5][Iter:    400][Loss: 1.996670][lr: 0.000050]
[23:44:50.584099][Epoch:   5][Iter:    500][Loss: 1.970836][lr: 0.000050]
[23:51:02.047791][Epoch:   5][Iter:    600][Loss: 1.987781][lr: 0.000050]
[23:57:17.981088][Epoch:   5][Iter:    700][Loss: 2.001293][lr: 0.000050]
[1 day, 0:03:24.861544][Epoch:   5][Iter:    800][Loss: 1.986497][lr: 0.000050]
[1 day, 0:09:46.666937][Epoch:   5][Iter:    900][Loss: 1.969107][lr: 0.000050]
[1 day, 0:15:57.687534][Epoch:   5][Iter:   1000][Loss: 1.974932][lr: 0.000050]
[1 day, 0:22:20.303834][Epoch:   5][Iter:   1100][Loss: 1.990869][lr: 0.000050]
[1 day, 0:28:43.919019][Epoch:   5][Iter:   1200][Loss: 1.969871][lr: 0.000050]
[1 day, 0:35:04.647218][Epoch:   5][Iter:   1300][Loss: 1.984313][lr: 0.000050]
[1 day, 0:41:18.529536][Epoch:   5][Iter:   1400][Loss: 1.936897][lr: 0.000050]
[1 day, 0:47:30.668763][Epoch:   5][Iter:   1500][Loss: 1.982926][lr: 0.000050]
[1 day, 0:53:35.371399][Epoch:   5][Iter:   1600][Loss: 1.973960][lr: 0.000050]
[1 day, 0:59:49.285378][Epoch:   5][Iter:   1700][Loss: 1.965694][lr: 0.000050]
[1 day, 1:05:55.309008][Epoch:   5][Iter:   1800][Loss: 1.989402][lr: 0.000050]
[1 day, 1:11:50.100568][Epoch:   5][Iter:   1900][Loss: 1.971542][lr: 0.000050]
[1 day, 1:17:44.440122][Epoch:   5][Iter:   2000][Loss: 1.985107][lr: 0.000050]
[1 day, 1:23:47.079337][Epoch:   5][Iter:   2100][Loss: 1.961366][lr: 0.000050]
[1 day, 1:29:29.261553][Epoch:   5][Iter:   2200][Loss: 1.947038][lr: 0.000050]
[1 day, 1:35:10.590668][Epoch:   5][Iter:   2300][Loss: 1.929972][lr: 0.000050]
[1 day, 1:40:47.423230][Epoch:   5][Iter:   2400][Loss: 1.960180][lr: 0.000050]
[1 day, 1:46:20.024437][Epoch:   5][Iter:   2500][Loss: 1.966576][lr: 0.000050]
[1 day, 1:52:45.594154][Epoch:   5][Iter:   2600][Loss: 1.858396][lr: 0.000050]
[1 day, 2:03:14.251215][Epoch:   5][Iter:   2700][Loss: 1.765820][lr: 0.000050]
[1 day, 2:13:42.909020][Epoch:   5][Iter:   2800][Loss: 1.775047][lr: 0.000050]
[1 day, 2:24:15.481749][Epoch:   5][Iter:   2900][Loss: 1.787527][lr: 0.000050]
[1 day, 2:34:56.592131][Epoch:   5][Iter:   3000][Loss: 1.800587][lr: 0.000050]
[1 day, 2:45:45.568033][Epoch:   5][Iter:   3100][Loss: 1.835954][lr: 0.000050]
[1 day, 2:56:14.012873][Epoch:   5][Iter:   3200][Loss: 1.822848][lr: 0.000050]
[1 day, 3:06:24.972245][Epoch:   5][Iter:   3300][Loss: 1.816343][lr: 0.000050]
[1 day, 3:16:37.761078][Epoch:   5][Iter:   3400][Loss: 1.793935][lr: 0.000050]
[1 day, 3:26:44.521431][Epoch:   5][Iter:   3500][Loss: 1.780262][lr: 0.000050]
[1 day, 3:36:52.684969][Epoch:   5][Iter:   3600][Loss: 1.771922][lr: 0.000050]
[1 day, 3:46:55.674785][Epoch:   5][Iter:   3700][Loss: 1.810367][lr: 0.000050]
[1 day, 3:56:49.489408][Epoch:   5][Iter:   3800][Loss: 1.769988][lr: 0.000050]
Number of iterations this epoch: 3853
[1 day, 4:02:25.925628][Epoch:   6][Iter:      0][Loss: 1.798224][lr: 0.000050]
[1 day, 4:07:07.506333][Epoch:   6][Iter:    100][Loss: 1.950711][lr: 0.000050]
[1 day, 4:11:32.135236][Epoch:   6][Iter:    200][Loss: 1.974356][lr: 0.000050]
[1 day, 4:16:04.182519][Epoch:   6][Iter:    300][Loss: 1.976618][lr: 0.000050]
[1 day, 4:21:24.639897][Epoch:   6][Iter:    400][Loss: 1.968225][lr: 0.000050]
[1 day, 4:27:46.979088][Epoch:   6][Iter:    500][Loss: 1.940146][lr: 0.000050]
[1 day, 4:33:56.106695][Epoch:   6][Iter:    600][Loss: 1.955605][lr: 0.000050]
[1 day, 4:40:19.530920][Epoch:   6][Iter:    700][Loss: 1.973093][lr: 0.000050]
[1 day, 4:46:27.482173][Epoch:   6][Iter:    800][Loss: 1.958522][lr: 0.000050]
[1 day, 4:52:49.479593][Epoch:   6][Iter:    900][Loss: 1.942421][lr: 0.000050]
[1 day, 4:59:10.976828][Epoch:   6][Iter:   1000][Loss: 1.954779][lr: 0.000050]
[1 day, 5:05:42.939446][Epoch:   6][Iter:   1100][Loss: 1.964599][lr: 0.000050]
[1 day, 5:12:10.042284][Epoch:   6][Iter:   1200][Loss: 1.944866][lr: 0.000050]
[1 day, 5:18:28.036253][Epoch:   6][Iter:   1300][Loss: 1.958816][lr: 0.000050]
[1 day, 5:24:51.316307][Epoch:   6][Iter:   1400][Loss: 1.909671][lr: 0.000050]
[1 day, 5:31:04.869337][Epoch:   6][Iter:   1500][Loss: 1.954001][lr: 0.000050]
[1 day, 5:37:20.521333][Epoch:   6][Iter:   1600][Loss: 1.947928][lr: 0.000050]
[1 day, 5:43:38.107670][Epoch:   6][Iter:   1700][Loss: 1.946162][lr: 0.000050]
[1 day, 5:49:51.605638][Epoch:   6][Iter:   1800][Loss: 1.961391][lr: 0.000050]
[1 day, 5:55:57.157275][Epoch:   6][Iter:   1900][Loss: 1.946252][lr: 0.000050]
[1 day, 6:01:54.804944][Epoch:   6][Iter:   2000][Loss: 1.959719][lr: 0.000050]
[1 day, 6:07:46.521496][Epoch:   6][Iter:   2100][Loss: 1.943473][lr: 0.000050]
[1 day, 6:13:47.103857][Epoch:   6][Iter:   2200][Loss: 1.923234][lr: 0.000050]
[1 day, 6:19:30.590447][Epoch:   6][Iter:   2300][Loss: 1.907940][lr: 0.000050]
[1 day, 6:25:07.430478][Epoch:   6][Iter:   2400][Loss: 1.928612][lr: 0.000050]
[1 day, 6:30:40.921030][Epoch:   6][Iter:   2500][Loss: 1.949398][lr: 0.000050]
[1 day, 6:36:58.963698][Epoch:   6][Iter:   2600][Loss: 1.835392][lr: 0.000050]
[1 day, 6:47:43.849283][Epoch:   6][Iter:   2700][Loss: 1.745109][lr: 0.000050]
[1 day, 6:58:02.643633][Epoch:   6][Iter:   2800][Loss: 1.757576][lr: 0.000050]
[1 day, 7:08:21.729233][Epoch:   6][Iter:   2900][Loss: 1.767411][lr: 0.000050]
[1 day, 7:18:51.128018][Epoch:   6][Iter:   3000][Loss: 1.778350][lr: 0.000050]
[1 day, 7:29:23.891425][Epoch:   6][Iter:   3100][Loss: 1.807336][lr: 0.000050]
[1 day, 7:39:49.549030][Epoch:   6][Iter:   3200][Loss: 1.797110][lr: 0.000050]
[1 day, 7:50:30.947585][Epoch:   6][Iter:   3300][Loss: 1.792919][lr: 0.000050]
[1 day, 8:00:54.789423][Epoch:   6][Iter:   3400][Loss: 1.773103][lr: 0.000050]
[1 day, 8:11:09.201355][Epoch:   6][Iter:   3500][Loss: 1.760326][lr: 0.000050]
[1 day, 8:21:14.534713][Epoch:   6][Iter:   3600][Loss: 1.750397][lr: 0.000050]
[1 day, 8:31:11.630609][Epoch:   6][Iter:   3700][Loss: 1.787696][lr: 0.000050]
[1 day, 8:40:59.838051][Epoch:   6][Iter:   3800][Loss: 1.750201][lr: 0.000050]
Number of iterations this epoch: 3853
[1 day, 8:46:07.236183][Epoch:   7][Iter:      0][Loss: 1.777746][lr: 0.000050]
[1 day, 8:50:36.302723][Epoch:   7][Iter:    100][Loss: 1.927468][lr: 0.000050]
[1 day, 8:54:56.799102][Epoch:   7][Iter:    200][Loss: 1.944117][lr: 0.000050]
[1 day, 8:59:18.999726][Epoch:   7][Iter:    300][Loss: 1.947239][lr: 0.000050]
[1 day, 9:04:28.036752][Epoch:   7][Iter:    400][Loss: 1.940366][lr: 0.000050]
[1 day, 9:10:34.806363][Epoch:   7][Iter:    500][Loss: 1.920247][lr: 0.000050]
[1 day, 9:16:46.556827][Epoch:   7][Iter:    600][Loss: 1.935162][lr: 0.000050]
[1 day, 9:22:59.143485][Epoch:   7][Iter:    700][Loss: 1.953190][lr: 0.000050]
[1 day, 9:29:18.432396][Epoch:   7][Iter:    800][Loss: 1.940220][lr: 0.000050]
[1 day, 9:35:30.351961][Epoch:   7][Iter:    900][Loss: 1.917196][lr: 0.000050]
[1 day, 9:41:41.846888][Epoch:   7][Iter:   1000][Loss: 1.928212][lr: 0.000050]
[1 day, 9:47:54.347650][Epoch:   7][Iter:   1100][Loss: 1.938541][lr: 0.000050]
[1 day, 9:54:09.431008][Epoch:   7][Iter:   1200][Loss: 1.917185][lr: 0.000050]
[1 day, 10:00:15.291188][Epoch:   7][Iter:   1300][Loss: 1.937672][lr: 0.000050]
[1 day, 10:06:27.365653][Epoch:   7][Iter:   1400][Loss: 1.885604][lr: 0.000050]
[1 day, 10:12:43.135933][Epoch:   7][Iter:   1500][Loss: 1.930591][lr: 0.000050]
[1 day, 10:18:51.547521][Epoch:   7][Iter:   1600][Loss: 1.921820][lr: 0.000050]
[1 day, 10:24:56.797743][Epoch:   7][Iter:   1700][Loss: 1.914878][lr: 0.000050]
[1 day, 10:31:03.877748][Epoch:   7][Iter:   1800][Loss: 1.938005][lr: 0.000050]
[1 day, 10:36:53.943355][Epoch:   7][Iter:   1900][Loss: 1.919083][lr: 0.000050]
[1 day, 10:42:46.984601][Epoch:   7][Iter:   2000][Loss: 1.940843][lr: 0.000050]
[1 day, 10:48:41.565970][Epoch:   7][Iter:   2100][Loss: 1.914342][lr: 0.000050]
[1 day, 10:54:39.043822][Epoch:   7][Iter:   2200][Loss: 1.898674][lr: 0.000050]
[1 day, 11:00:32.533561][Epoch:   7][Iter:   2300][Loss: 1.884426][lr: 0.000050]
[1 day, 11:06:09.998295][Epoch:   7][Iter:   2400][Loss: 1.905587][lr: 0.000050]
[1 day, 11:11:42.523135][Epoch:   7][Iter:   2500][Loss: 1.919753][lr: 0.000050]
[1 day, 11:17:47.138275][Epoch:   7][Iter:   2600][Loss: 1.816367][lr: 0.000050]
[1 day, 11:28:16.992814][Epoch:   7][Iter:   2700][Loss: 1.724669][lr: 0.000050]
[1 day, 11:38:59.766235][Epoch:   7][Iter:   2800][Loss: 1.730381][lr: 0.000050]
[1 day, 11:49:29.747541][Epoch:   7][Iter:   2900][Loss: 1.750646][lr: 0.000050]
[1 day, 12:00:00.014315][Epoch:   7][Iter:   3000][Loss: 1.759991][lr: 0.000050]
[1 day, 12:10:23.975812][Epoch:   7][Iter:   3100][Loss: 1.788566][lr: 0.000050]
[1 day, 12:20:50.496835][Epoch:   7][Iter:   3200][Loss: 1.775503][lr: 0.000050]
[1 day, 12:31:13.973458][Epoch:   7][Iter:   3300][Loss: 1.768412][lr: 0.000050]
[1 day, 12:41:33.927864][Epoch:   7][Iter:   3400][Loss: 1.750565][lr: 0.000050]
[1 day, 12:52:09.866420][Epoch:   7][Iter:   3500][Loss: 1.737258][lr: 0.000050]
[1 day, 13:02:10.114597][Epoch:   7][Iter:   3600][Loss: 1.727856][lr: 0.000050]
[1 day, 13:12:06.219188][Epoch:   7][Iter:   3700][Loss: 1.767272][lr: 0.000050]
[1 day, 13:21:58.784076][Epoch:   7][Iter:   3800][Loss: 1.724316][lr: 0.000050]
Number of iterations this epoch: 3853
[1 day, 13:27:12.299464][Epoch:   8][Iter:      0][Loss: 1.757413][lr: 0.000050]
[1 day, 13:31:38.869586][Epoch:   8][Iter:    100][Loss: 1.901779][lr: 0.000050]
[1 day, 13:35:56.930332][Epoch:   8][Iter:    200][Loss: 1.921913][lr: 0.000050]
[1 day, 13:40:23.087425][Epoch:   8][Iter:    300][Loss: 1.930848][lr: 0.000050]
[1 day, 13:45:32.229453][Epoch:   8][Iter:    400][Loss: 1.916261][lr: 0.000050]
[1 day, 13:51:41.276367][Epoch:   8][Iter:    500][Loss: 1.899355][lr: 0.000050]
[1 day, 13:57:45.965504][Epoch:   8][Iter:    600][Loss: 1.910337][lr: 0.000050]
[1 day, 14:03:55.410956][Epoch:   8][Iter:    700][Loss: 1.930652][lr: 0.000050]
[1 day, 14:10:02.347587][Epoch:   8][Iter:    800][Loss: 1.912718][lr: 0.000050]
[1 day, 14:16:18.194239][Epoch:   8][Iter:    900][Loss: 1.897423][lr: 0.000050]
[1 day, 14:22:31.946405][Epoch:   8][Iter:   1000][Loss: 1.901546][lr: 0.000050]
[1 day, 14:28:39.638424][Epoch:   8][Iter:   1100][Loss: 1.909983][lr: 0.000050]
[1 day, 14:34:47.639003][Epoch:   8][Iter:   1200][Loss: 1.897026][lr: 0.000050]
[1 day, 14:41:06.676009][Epoch:   8][Iter:   1300][Loss: 1.912124][lr: 0.000050]
[1 day, 14:47:21.746932][Epoch:   8][Iter:   1400][Loss: 1.863669][lr: 0.000050]
[1 day, 14:53:33.426941][Epoch:   8][Iter:   1500][Loss: 1.902964][lr: 0.000050]
[1 day, 14:59:40.406807][Epoch:   8][Iter:   1600][Loss: 1.896964][lr: 0.000050]
[1 day, 15:05:37.638250][Epoch:   8][Iter:   1700][Loss: 1.895560][lr: 0.000050]
[1 day, 15:11:33.489232][Epoch:   8][Iter:   1800][Loss: 1.912493][lr: 0.000050]
[1 day, 15:17:40.971198][Epoch:   8][Iter:   1900][Loss: 1.896483][lr: 0.000050]
[1 day, 15:23:38.919945][Epoch:   8][Iter:   2000][Loss: 1.922937][lr: 0.000050]
[1 day, 15:29:23.227709][Epoch:   8][Iter:   2100][Loss: 1.890902][lr: 0.000050]
[1 day, 15:35:03.346641][Epoch:   8][Iter:   2200][Loss: 1.876031][lr: 0.000050]
[1 day, 15:40:42.491511][Epoch:   8][Iter:   2300][Loss: 1.856519][lr: 0.000050]
[1 day, 15:46:25.395316][Epoch:   8][Iter:   2400][Loss: 1.888035][lr: 0.000050]
[1 day, 15:52:01.480209][Epoch:   8][Iter:   2500][Loss: 1.897227][lr: 0.000050]
[1 day, 15:58:12.534504][Epoch:   8][Iter:   2600][Loss: 1.792586][lr: 0.000050]
[1 day, 16:08:38.287617][Epoch:   8][Iter:   2700][Loss: 1.707998][lr: 0.000050]
[1 day, 16:18:59.969942][Epoch:   8][Iter:   2800][Loss: 1.709939][lr: 0.000050]
[1 day, 16:29:23.064027][Epoch:   8][Iter:   2900][Loss: 1.730213][lr: 0.000050]
[1 day, 16:40:17.180394][Epoch:   8][Iter:   3000][Loss: 1.730803][lr: 0.000050]
[1 day, 16:50:56.372077][Epoch:   8][Iter:   3100][Loss: 1.764651][lr: 0.000050]
[1 day, 17:01:26.802279][Epoch:   8][Iter:   3200][Loss: 1.753851][lr: 0.000050]
[1 day, 17:12:00.791692][Epoch:   8][Iter:   3300][Loss: 1.748688][lr: 0.000050]
[1 day, 17:22:23.314510][Epoch:   8][Iter:   3400][Loss: 1.730352][lr: 0.000050]
[1 day, 17:32:35.084577][Epoch:   8][Iter:   3500][Loss: 1.718582][lr: 0.000050]
[1 day, 17:42:55.898536][Epoch:   8][Iter:   3600][Loss: 1.705549][lr: 0.000050]
[1 day, 17:52:54.787772][Epoch:   8][Iter:   3700][Loss: 1.745327][lr: 0.000050]
[1 day, 18:02:42.789735][Epoch:   8][Iter:   3800][Loss: 1.704437][lr: 0.000050]
Number of iterations this epoch: 3853
[1 day, 18:07:44.803118][Epoch:   9][Iter:      0][Loss: 1.736446][lr: 0.000050]
[1 day, 18:12:14.690554][Epoch:   9][Iter:    100][Loss: 1.877906][lr: 0.000050]
[1 day, 18:16:33.638279][Epoch:   9][Iter:    200][Loss: 1.892773][lr: 0.000050]
[1 day, 18:21:01.621181][Epoch:   9][Iter:    300][Loss: 1.902265][lr: 0.000050]
[1 day, 18:26:06.742771][Epoch:   9][Iter:    400][Loss: 1.890683][lr: 0.000050]
[1 day, 18:32:10.014853][Epoch:   9][Iter:    500][Loss: 1.872528][lr: 0.000050]
[1 day, 18:38:23.013373][Epoch:   9][Iter:    600][Loss: 1.884712][lr: 0.000050]
[1 day, 18:44:25.429272][Epoch:   9][Iter:    700][Loss: 1.903155][lr: 0.000050]
[1 day, 18:50:29.207488][Epoch:   9][Iter:    800][Loss: 1.890697][lr: 0.000050]
[1 day, 18:56:43.507950][Epoch:   9][Iter:    900][Loss: 1.866901][lr: 0.000050]
[1 day, 19:02:48.063624][Epoch:   9][Iter:   1000][Loss: 1.877684][lr: 0.000050]
[1 day, 19:09:05.806818][Epoch:   9][Iter:   1100][Loss: 1.886780][lr: 0.000050]
[1 day, 19:15:21.563930][Epoch:   9][Iter:   1200][Loss: 1.865153][lr: 0.000050]
[1 day, 19:21:35.924191][Epoch:   9][Iter:   1300][Loss: 1.892000][lr: 0.000050]
[1 day, 19:27:52.243635][Epoch:   9][Iter:   1400][Loss: 1.840698][lr: 0.000050]
[1 day, 19:33:56.519933][Epoch:   9][Iter:   1500][Loss: 1.878972][lr: 0.000050]
[1 day, 19:40:07.666574][Epoch:   9][Iter:   1600][Loss: 1.877545][lr: 0.000050]
[1 day, 19:46:29.015366][Epoch:   9][Iter:   1700][Loss: 1.868764][lr: 0.000050]
[1 day, 19:52:55.216482][Epoch:   9][Iter:   1800][Loss: 1.887939][lr: 0.000050]
[1 day, 19:59:04.093406][Epoch:   9][Iter:   1900][Loss: 1.873367][lr: 0.000050]
[1 day, 20:05:04.630908][Epoch:   9][Iter:   2000][Loss: 1.893837][lr: 0.000050]
[1 day, 20:11:06.395147][Epoch:   9][Iter:   2100][Loss: 1.870510][lr: 0.000050]
[1 day, 20:16:51.928856][Epoch:   9][Iter:   2200][Loss: 1.849841][lr: 0.000050]
[1 day, 20:22:43.310192][Epoch:   9][Iter:   2300][Loss: 1.835620][lr: 0.000050]
[1 day, 20:28:27.199345][Epoch:   9][Iter:   2400][Loss: 1.863780][lr: 0.000050]
[1 day, 20:34:26.148530][Epoch:   9][Iter:   2500][Loss: 1.881536][lr: 0.000050]
[1 day, 20:40:41.366242][Epoch:   9][Iter:   2600][Loss: 1.775639][lr: 0.000050]
[1 day, 20:51:19.462717][Epoch:   9][Iter:   2700][Loss: 1.683372][lr: 0.000050]
[1 day, 21:01:47.238641][Epoch:   9][Iter:   2800][Loss: 1.690544][lr: 0.000050]
[1 day, 21:12:14.523439][Epoch:   9][Iter:   2900][Loss: 1.711129][lr: 0.000050]
[1 day, 21:22:47.393461][Epoch:   9][Iter:   3000][Loss: 1.717364][lr: 0.000050]
[1 day, 21:33:41.661465][Epoch:   9][Iter:   3100][Loss: 1.747441][lr: 0.000050]
[1 day, 21:44:01.635698][Epoch:   9][Iter:   3200][Loss: 1.734980][lr: 0.000050]
[1 day, 21:54:13.090867][Epoch:   9][Iter:   3300][Loss: 1.724427][lr: 0.000050]
[1 day, 22:04:22.211602][Epoch:   9][Iter:   3400][Loss: 1.707860][lr: 0.000050]
[1 day, 22:14:20.842563][Epoch:   9][Iter:   3500][Loss: 1.698156][lr: 0.000050]
[1 day, 22:24:19.315818][Epoch:   9][Iter:   3600][Loss: 1.686487][lr: 0.000050]
[1 day, 22:34:10.593363][Epoch:   9][Iter:   3700][Loss: 1.718760][lr: 0.000050]
[1 day, 22:43:57.721590][Epoch:   9][Iter:   3800][Loss: 1.688670][lr: 0.000050]
Number of iterations this epoch: 3853
[1 day, 22:49:22.542848][Epoch:  10][Iter:      0][Loss: 1.711759][lr: 0.000050]
[1 day, 22:53:50.417478][Epoch:  10][Iter:    100][Loss: 1.853765][lr: 0.000050]
